In the golden twilight's soft embrace,
A poet seeks solace, a sacred space.
Words like stars, shimmering bright,
Unveiling tales woven in the night.
Whispers of love, gentle and true,
Flutter through stanzas, painting hues.
Each syllable a tender brushstroke,
Creating a masterpiece, evoking hope.
The moonlight weaves a mystic spell,
As the poet's heart begins to swell.
Emotions spill onto the parchment's page,
Bridging worlds, spanning age to age.
With ink as their guide, thoughts take flight,
Crafting verses that soar to new heights.
The poet's pen dances with delight,
In a symphony of words, a poetic rite.
In every line, a story unfurls,
Echoes of laughter, tears, and pearls.
For within the poem's rhythmic flow,
Lies the essence of life's ebb and glow.
So let the poet's muse inspire and ignite,
Guiding words through the darkest night.
For in poetry's embrace, we find release,
A sanctuary of words that brings us peace.